<?xml version="1.0" encoding="UTF-8"?>
<!-- Generated by org.testng.reporters.JUnitXMLReporter -->
<testsuite hostname="DESKTOP-OB1N8D7" name="testA" tests="3" failures="1" timestamp="17 May 2021 03:52:01 GMT" time="46.42" errors="0">
  <testcase name="collectWeatherDataUI" time="8.264" classname="weather.automation.testVagrantUtkarsh.myTest.NDTVHomePageTest"/>
  <testcase name="collectWeatherDataAPI" time="3.42" classname="weather.automation.testVagrantUtkarsh.myTest.NDTVHomePageTest"/>
  <testcase name="verifyUIAndAPIData" time="0.007" classname="weather.automation.testVagrantUtkarsh.myTest.NDTVHomePageTest">
    <failure type="java.lang.AssertionError" message="UI and API temperature are not same!! expected [false] but found [true]">
      <![CDATA[java.lang.AssertionError: UI and API temperature are not same!! expected [false] but found [true]
	at weather.automation.testVagrantUtkarsh.myTest.NDTVHomePageTest.verifyUIAndAPIData(NDTVHomePageTest.java:90)
... Removed 27 stack frames]]>
    </failure>
  </testcase> <!-- verifyUIAndAPIData -->
</testsuite> <!-- testA -->
